<?xml version="1.0" encoding="UTF-8"?>
<!-- Generated by org.testng.reporters.JUnitXMLReporter -->
<testsuite ignored="0" hostname="POL-4100KG3" failures="1" tests="1" name="OpencartTest" time="13.589" errors="0" timestamp="2023-11-03T13:16:24 CET">
  <testcase classname="testCases.TC_005_AddingProductTest" name="test_addingProductToCart" time="10.565">
    <failure type="java.lang.AssertionError" message="null">
      <![CDATA[java.lang.AssertionError: null
at testCases.TC_005_AddingProductTest.test_addingProductToCart(TC_005_AddingProductTest.java:34)
at java.base/java.util.ArrayList.forEach(ArrayList.java:1511)
... Removed 27 stack frames]]>
    </failure>
  </testcase> <!-- test_addingProductToCart -->
</testsuite> <!-- OpencartTest -->
